<?xml version="1.0" encoding="UTF-8"?>
<!-- Generated by org.testng.reporters.JUnitReportReporter -->
<testsuite hostname="IBM-PF421Y0A" failures="0" tests="1" name="com.maven.web.login" time="19.355" errors="0" timestamp="2022-11-27T21:51:03 IST" skipped="0">
  <testcase classname="com.maven.web.login" name="launch" time="19.355"/>
  <system-out/>
</testsuite> <!-- com.maven.web.login -->
